The loss value printed in the log is the current step, and the metric is the average value of previous steps.
Epoch 1/2
/opt/conda/envs/python35-paddle120-env/lib/python3.7/site-packages/paddle/fluid/layers/utils.py:77: DeprecationWarning: Using or importing the ABCs from 'collections' instead of from 'collections.abc' is deprecated, and in 3.8 it will stop working
  return (isinstance(seq, collections.Sequence) and
step   10/3125 - loss: 2.3023 - acc_top1: 0.1187 - acc_top5: 0.6000 - 152ms/step
step   20/3125 - loss: 2.2980 - acc_top1: 0.1406 - acc_top5: 0.5719 - 139ms/step
step   30/3125 - loss: 2.2868 - acc_top1: 0.1500 - acc_top5: 0.5958 - 135ms/step
step   40/3125 - loss: 2.2886 - acc_top1: 0.1844 - acc_top5: 0.6375 - 133ms/step
step   50/3125 - loss: 2.2679 - acc_top1: 0.1925 - acc_top5: 0.6587 - 131ms/step
step   60/3125 - loss: 2.2434 - acc_top1: 0.2104 - acc_top5: 0.6885 - 131ms/step
step   70/3125 - loss: 2.2249 - acc_top1: 0.2250 - acc_top5: 0.7000 - 130ms/step
step   80/3125 - loss: 2.1912 - acc_top1: 0.2344 - acc_top5: 0.7195 - 130ms/step
step   90/3125 - loss: 2.1811 - acc_top1: 0.2333 - acc_top5: 0.7410 - 129ms/step
step  100/3125 - loss: 2.0984 - acc_top1: 0.2494 - acc_top5: 0.7562 - 129ms/step
step  110/3125 - loss: 1.9985 - acc_top1: 0.2528 - acc_top5: 0.7636 - 129ms/step
step  120/3125 - loss: 1.9526 - acc_top1: 0.2630 - acc_top5: 0.7755 - 129ms/step
step  130/3125 - loss: 1.8954 - acc_top1: 0.2740 - acc_top5: 0.7856 - 128ms/step
step  140/3125 - loss: 2.0050 - acc_top1: 0.2786 - acc_top5: 0.7915 - 128ms/step
step  150/3125 - loss: 2.0164 - acc_top1: 0.2888 - acc_top5: 0.7996 - 128ms/step
step  160/3125 - loss: 1.9042 - acc_top1: 0.2992 - acc_top5: 0.8047 - 128ms/step
step  170/3125 - loss: 1.7006 - acc_top1: 0.3096 - acc_top5: 0.8136 - 128ms/step
step  180/3125 - loss: 1.9526 - acc_top1: 0.3174 - acc_top5: 0.8208 - 128ms/step
step  190/3125 - loss: 1.8441 - acc_top1: 0.3247 - acc_top5: 0.8273 - 128ms/step
step  200/3125 - loss: 1.5962 - acc_top1: 0.3328 - acc_top5: 0.8341 - 128ms/step
step  210/3125 - loss: 1.6195 - acc_top1: 0.3420 - acc_top5: 0.8402 - 128ms/step
step  220/3125 - loss: 1.6237 - acc_top1: 0.3509 - acc_top5: 0.8460 - 128ms/step
step  230/3125 - loss: 1.6377 - acc_top1: 0.3601 - acc_top5: 0.8524 - 128ms/step
step  240/3125 - loss: 1.5779 - acc_top1: 0.3706 - acc_top5: 0.8576 - 128ms/step
step  250/3125 - loss: 1.3751 - acc_top1: 0.3790 - acc_top5: 0.8615 - 128ms/step
step  260/3125 - loss: 1.4125 - acc_top1: 0.3853 - acc_top5: 0.8656 - 128ms/step
step  270/3125 - loss: 1.4457 - acc_top1: 0.3903 - acc_top5: 0.8681 - 127ms/step
step  280/3125 - loss: 1.4901 - acc_top1: 0.3991 - acc_top5: 0.8717 - 127ms/step
step  290/3125 - loss: 1.2450 - acc_top1: 0.4093 - acc_top5: 0.8752 - 127ms/step
step  300/3125 - loss: 1.1294 - acc_top1: 0.4183 - acc_top5: 0.8785 - 127ms/step
step  310/3125 - loss: 1.2477 - acc_top1: 0.4276 - acc_top5: 0.8821 - 127ms/step
step  320/3125 - loss: 1.3929 - acc_top1: 0.4357 - acc_top5: 0.8852 - 127ms/step
step  330/3125 - loss: 1.5019 - acc_top1: 0.4398 - acc_top5: 0.8873 - 127ms/step
step  340/3125 - loss: 1.1924 - acc_top1: 0.4469 - acc_top5: 0.8903 - 127ms/step
step  350/3125 - loss: 1.0719 - acc_top1: 0.4530 - acc_top5: 0.8932 - 127ms/step
step  360/3125 - loss: 1.2737 - acc_top1: 0.4604 - acc_top5: 0.8953 - 128ms/step
step  370/3125 - loss: 1.0264 - acc_top1: 0.4664 - acc_top5: 0.8975 - 128ms/step
step  380/3125 - loss: 1.0318 - acc_top1: 0.4735 - acc_top5: 0.9002 - 128ms/step
step  390/3125 - loss: 1.0464 - acc_top1: 0.4800 - acc_top5: 0.9019 - 128ms/step
step  400/3125 - loss: 1.0353 - acc_top1: 0.4859 - acc_top5: 0.9039 - 128ms/step
step  410/3125 - loss: 1.1768 - acc_top1: 0.4918 - acc_top5: 0.9059 - 128ms/step
step  420/3125 - loss: 0.8394 - acc_top1: 0.4987 - acc_top5: 0.9076 - 128ms/step
step  430/3125 - loss: 0.8877 - acc_top1: 0.5044 - acc_top5: 0.9094 - 128ms/step
step  440/3125 - loss: 0.8217 - acc_top1: 0.5111 - acc_top5: 0.9115 - 128ms/step
step  450/3125 - loss: 0.7958 - acc_top1: 0.5172 - acc_top5: 0.9133 - 128ms/step
step  460/3125 - loss: 0.8675 - acc_top1: 0.5245 - acc_top5: 0.9151 - 128ms/step
step  470/3125 - loss: 0.7865 - acc_top1: 0.5315 - acc_top5: 0.9166 - 128ms/step
step  480/3125 - loss: 0.8251 - acc_top1: 0.5374 - acc_top5: 0.9182 - 128ms/step
step  490/3125 - loss: 0.8456 - acc_top1: 0.5435 - acc_top5: 0.9198 - 128ms/step
step  500/3125 - loss: 0.7569 - acc_top1: 0.5493 - acc_top5: 0.9209 - 128ms/step
step  510/3125 - loss: 0.9599 - acc_top1: 0.5543 - acc_top5: 0.9223 - 127ms/step
step  520/3125 - loss: 0.7351 - acc_top1: 0.5596 - acc_top5: 0.9238 - 127ms/step
step  530/3125 - loss: 0.7759 - acc_top1: 0.5649 - acc_top5: 0.9251 - 127ms/step
step  540/3125 - loss: 0.5635 - acc_top1: 0.5706 - acc_top5: 0.9265 - 127ms/step
step  550/3125 - loss: 0.7906 - acc_top1: 0.5757 - acc_top5: 0.9276 - 127ms/step
step  560/3125 - loss: 0.6412 - acc_top1: 0.5807 - acc_top5: 0.9289 - 127ms/step
step  570/3125 - loss: 0.6149 - acc_top1: 0.5860 - acc_top5: 0.9300 - 127ms/step
step  580/3125 - loss: 0.5052 - acc_top1: 0.5907 - acc_top5: 0.9313 - 127ms/step
step  590/3125 - loss: 0.4911 - acc_top1: 0.5960 - acc_top5: 0.9324 - 127ms/step
step  600/3125 - loss: 0.4093 - acc_top1: 0.6014 - acc_top5: 0.9335 - 127ms/step
step  610/3125 - loss: 0.4829 - acc_top1: 0.6062 - acc_top5: 0.9346 - 127ms/step
step  620/3125 - loss: 0.6146 - acc_top1: 0.6108 - acc_top5: 0.9357 - 127ms/step
step  630/3125 - loss: 0.5310 - acc_top1: 0.6154 - acc_top5: 0.9367 - 127ms/step
step  640/3125 - loss: 0.3931 - acc_top1: 0.6197 - acc_top5: 0.9377 - 127ms/step
step  650/3125 - loss: 0.3472 - acc_top1: 0.6243 - acc_top5: 0.9385 - 127ms/step
step  660/3125 - loss: 0.5309 - acc_top1: 0.6287 - acc_top5: 0.9394 - 127ms/step
step  670/3125 - loss: 0.7666 - acc_top1: 0.6326 - acc_top5: 0.9403 - 127ms/step
step  680/3125 - loss: 0.2558 - acc_top1: 0.6371 - acc_top5: 0.9411 - 127ms/step
step  690/3125 - loss: 0.3654 - acc_top1: 0.6416 - acc_top5: 0.9419 - 127ms/step
step  700/3125 - loss: 0.3093 - acc_top1: 0.6457 - acc_top5: 0.9428 - 127ms/step
step  710/3125 - loss: 0.2447 - acc_top1: 0.6494 - acc_top5: 0.9434 - 127ms/step
step  720/3125 - loss: 0.3535 - acc_top1: 0.6518 - acc_top5: 0.9441 - 127ms/step
step  730/3125 - loss: 0.2980 - acc_top1: 0.6555 - acc_top5: 0.9449 - 127ms/step
step  740/3125 - loss: 0.2933 - acc_top1: 0.6590 - acc_top5: 0.9456 - 127ms/step
step  750/3125 - loss: 0.4200 - acc_top1: 0.6623 - acc_top5: 0.9463 - 127ms/step
step  760/3125 - loss: 0.3920 - acc_top1: 0.6652 - acc_top5: 0.9470 - 127ms/step
step  770/3125 - loss: 0.3818 - acc_top1: 0.6687 - acc_top5: 0.9477 - 127ms/step
step  780/3125 - loss: 0.5353 - acc_top1: 0.6717 - acc_top5: 0.9484 - 128ms/step
step  790/3125 - loss: 0.2284 - acc_top1: 0.6747 - acc_top5: 0.9489 - 128ms/step
step  800/3125 - loss: 0.2871 - acc_top1: 0.6778 - acc_top5: 0.9495 - 128ms/step
step  810/3125 - loss: 0.2247 - acc_top1: 0.6813 - acc_top5: 0.9502 - 128ms/step
step  820/3125 - loss: 0.3281 - acc_top1: 0.6839 - acc_top5: 0.9507 - 128ms/step
step  830/3125 - loss: 0.1704 - acc_top1: 0.6871 - acc_top5: 0.9512 - 128ms/step
step  840/3125 - loss: 0.1570 - acc_top1: 0.6902 - acc_top5: 0.9518 - 128ms/step
step  850/3125 - loss: 0.2153 - acc_top1: 0.6932 - acc_top5: 0.9524 - 128ms/step
step  860/3125 - loss: 0.1555 - acc_top1: 0.6963 - acc_top5: 0.9529 - 128ms/step
step  870/3125 - loss: 0.2134 - acc_top1: 0.6994 - acc_top5: 0.9534 - 128ms/step
step  880/3125 - loss: 0.1377 - acc_top1: 0.7022 - acc_top5: 0.9539 - 128ms/step
step  890/3125 - loss: 0.4722 - acc_top1: 0.7046 - acc_top5: 0.9544 - 128ms/step
step  900/3125 - loss: 0.2952 - acc_top1: 0.7069 - acc_top5: 0.9548 - 128ms/step
step  910/3125 - loss: 0.2299 - acc_top1: 0.7098 - acc_top5: 0.9553 - 128ms/step
step  920/3125 - loss: 0.2012 - acc_top1: 0.7121 - acc_top5: 0.9558 - 128ms/step
step  930/3125 - loss: 0.3432 - acc_top1: 0.7144 - acc_top5: 0.9563 - 128ms/step
step  940/3125 - loss: 0.3021 - acc_top1: 0.7168 - acc_top5: 0.9567 - 128ms/step
step  950/3125 - loss: 0.2114 - acc_top1: 0.7192 - acc_top5: 0.9570 - 128ms/step
step  960/3125 - loss: 0.1756 - acc_top1: 0.7215 - acc_top5: 0.9575 - 128ms/step
step  970/3125 - loss: 0.1622 - acc_top1: 0.7240 - acc_top5: 0.9579 - 128ms/step
step  980/3125 - loss: 0.3889 - acc_top1: 0.7262 - acc_top5: 0.9583 - 128ms/step
step  990/3125 - loss: 0.1211 - acc_top1: 0.7284 - acc_top5: 0.9587 - 128ms/step
step 1000/3125 - loss: 0.2873 - acc_top1: 0.7301 - acc_top5: 0.9591 - 128ms/step
step 1010/3125 - loss: 0.1654 - acc_top1: 0.7324 - acc_top5: 0.9595 - 128ms/step
step 1020/3125 - loss: 0.2081 - acc_top1: 0.7343 - acc_top5: 0.9599 - 128ms/step
step 1030/3125 - loss: 0.1161 - acc_top1: 0.7365 - acc_top5: 0.9603 - 128ms/step
step 1040/3125 - loss: 0.2968 - acc_top1: 0.7386 - acc_top5: 0.9607 - 128ms/step
step 1050/3125 - loss: 0.2407 - acc_top1: 0.7407 - acc_top5: 0.9611 - 128ms/step
step 1060/3125 - loss: 0.0938 - acc_top1: 0.7423 - acc_top5: 0.9614 - 128ms/step
step 1070/3125 - loss: 0.1767 - acc_top1: 0.7442 - acc_top5: 0.9618 - 128ms/step
step 1080/3125 - loss: 0.2981 - acc_top1: 0.7458 - acc_top5: 0.9622 - 128ms/step
step 1090/3125 - loss: 0.1273 - acc_top1: 0.7476 - acc_top5: 0.9625 - 128ms/step
step 1100/3125 - loss: 0.2174 - acc_top1: 0.7495 - acc_top5: 0.9628 - 128ms/step
step 1110/3125 - loss: 0.0863 - acc_top1: 0.7513 - acc_top5: 0.9632 - 128ms/step
step 1120/3125 - loss: 0.0927 - acc_top1: 0.7530 - acc_top5: 0.9635 - 128ms/step
step 1130/3125 - loss: 0.0987 - acc_top1: 0.7548 - acc_top5: 0.9637 - 128ms/step
step 1140/3125 - loss: 0.4662 - acc_top1: 0.7565 - acc_top5: 0.9640 - 128ms/step
step 1150/3125 - loss: 0.3581 - acc_top1: 0.7580 - acc_top5: 0.9643 - 128ms/step
step 1160/3125 - loss: 0.3344 - acc_top1: 0.7595 - acc_top5: 0.9647 - 128ms/step
step 1170/3125 - loss: 0.1744 - acc_top1: 0.7611 - acc_top5: 0.9650 - 128ms/step
step 1180/3125 - loss: 0.0674 - acc_top1: 0.7627 - acc_top5: 0.9653 - 128ms/step
step 1190/3125 - loss: 0.2839 - acc_top1: 0.7644 - acc_top5: 0.9655 - 128ms/step
step 1200/3125 - loss: 0.2758 - acc_top1: 0.7658 - acc_top5: 0.9658 - 128ms/step
step 1210/3125 - loss: 0.0695 - acc_top1: 0.7675 - acc_top5: 0.9660 - 128ms/step
step 1220/3125 - loss: 0.1169 - acc_top1: 0.7689 - acc_top5: 0.9663 - 128ms/step
step 1230/3125 - loss: 0.1042 - acc_top1: 0.7704 - acc_top5: 0.9666 - 128ms/step
step 1240/3125 - loss: 0.2456 - acc_top1: 0.7717 - acc_top5: 0.9668 - 128ms/step
step 1250/3125 - loss: 0.0444 - acc_top1: 0.7733 - acc_top5: 0.9671 - 128ms/step
step 1260/3125 - loss: 0.0601 - acc_top1: 0.7748 - acc_top5: 0.9674 - 128ms/step
step 1270/3125 - loss: 0.1049 - acc_top1: 0.7763 - acc_top5: 0.9676 - 128ms/step
step 1280/3125 - loss: 0.0910 - acc_top1: 0.7773 - acc_top5: 0.9679 - 128ms/step
step 1290/3125 - loss: 0.2401 - acc_top1: 0.7786 - acc_top5: 0.9681 - 128ms/step
step 1300/3125 - loss: 0.1269 - acc_top1: 0.7798 - acc_top5: 0.9684 - 128ms/step
step 1310/3125 - loss: 0.3595 - acc_top1: 0.7810 - acc_top5: 0.9686 - 128ms/step
step 1320/3125 - loss: 0.1822 - acc_top1: 0.7821 - acc_top5: 0.9688 - 128ms/step
step 1330/3125 - loss: 0.3828 - acc_top1: 0.7833 - acc_top5: 0.9690 - 128ms/step
step 1340/3125 - loss: 0.3185 - acc_top1: 0.7847 - acc_top5: 0.9692 - 128ms/step
step 1350/3125 - loss: 0.1107 - acc_top1: 0.7860 - acc_top5: 0.9694 - 128ms/step
step 1360/3125 - loss: 0.0723 - acc_top1: 0.7873 - acc_top5: 0.9696 - 128ms/step
step 1370/3125 - loss: 0.0968 - acc_top1: 0.7884 - acc_top5: 0.9698 - 128ms/step
step 1380/3125 - loss: 0.2322 - acc_top1: 0.7897 - acc_top5: 0.9700 - 128ms/step
step 1390/3125 - loss: 0.0812 - acc_top1: 0.7909 - acc_top5: 0.9702 - 128ms/step
step 1400/3125 - loss: 0.1015 - acc_top1: 0.7921 - acc_top5: 0.9704 - 128ms/step
step 1410/3125 - loss: 0.1387 - acc_top1: 0.7933 - acc_top5: 0.9706 - 128ms/step
step 1420/3125 - loss: 0.0721 - acc_top1: 0.7946 - acc_top5: 0.9708 - 128ms/step
step 1430/3125 - loss: 0.1604 - acc_top1: 0.7956 - acc_top5: 0.9710 - 128ms/step
step 1440/3125 - loss: 0.2587 - acc_top1: 0.7966 - acc_top5: 0.9712 - 128ms/step
step 1450/3125 - loss: 0.1311 - acc_top1: 0.7975 - acc_top5: 0.9714 - 128ms/step
step 1460/3125 - loss: 0.0876 - acc_top1: 0.7988 - acc_top5: 0.9716 - 128ms/step
step 1470/3125 - loss: 0.0703 - acc_top1: 0.8000 - acc_top5: 0.9718 - 128ms/step
step 1480/3125 - loss: 0.0824 - acc_top1: 0.8011 - acc_top5: 0.9720 - 128ms/step
step 1490/3125 - loss: 0.1541 - acc_top1: 0.8022 - acc_top5: 0.9722 - 128ms/step
step 1500/3125 - loss: 0.0853 - acc_top1: 0.8032 - acc_top5: 0.9724 - 128ms/step
step 1510/3125 - loss: 0.3924 - acc_top1: 0.8042 - acc_top5: 0.9725 - 128ms/step
step 1520/3125 - loss: 0.0373 - acc_top1: 0.8051 - acc_top5: 0.9727 - 128ms/step
step 1530/3125 - loss: 0.0769 - acc_top1: 0.8062 - acc_top5: 0.9728 - 128ms/step
step 1540/3125 - loss: 0.0656 - acc_top1: 0.8070 - acc_top5: 0.9730 - 128ms/step
step 1550/3125 - loss: 0.1296 - acc_top1: 0.8081 - acc_top5: 0.9732 - 128ms/step
step 1560/3125 - loss: 0.0911 - acc_top1: 0.8093 - acc_top5: 0.9734 - 128ms/step
step 1570/3125 - loss: 0.0393 - acc_top1: 0.8104 - acc_top5: 0.9735 - 128ms/step
step 1580/3125 - loss: 0.1118 - acc_top1: 0.8114 - acc_top5: 0.9737 - 128ms/step
step 1590/3125 - loss: 0.1327 - acc_top1: 0.8124 - acc_top5: 0.9739 - 128ms/step
step 1600/3125 - loss: 0.0512 - acc_top1: 0.8134 - acc_top5: 0.9740 - 128ms/step
step 1610/3125 - loss: 0.2832 - acc_top1: 0.8142 - acc_top5: 0.9742 - 128ms/step
step 1620/3125 - loss: 0.1239 - acc_top1: 0.8152 - acc_top5: 0.9743 - 128ms/step
step 1630/3125 - loss: 0.0305 - acc_top1: 0.8160 - acc_top5: 0.9745 - 128ms/step
step 1640/3125 - loss: 0.0491 - acc_top1: 0.8168 - acc_top5: 0.9747 - 128ms/step
step 1650/3125 - loss: 0.2172 - acc_top1: 0.8176 - acc_top5: 0.9748 - 128ms/step
step 1660/3125 - loss: 0.0567 - acc_top1: 0.8185 - acc_top5: 0.9750 - 128ms/step
step 1670/3125 - loss: 0.1625 - acc_top1: 0.8193 - acc_top5: 0.9751 - 128ms/step
step 1680/3125 - loss: 0.0545 - acc_top1: 0.8202 - acc_top5: 0.9753 - 128ms/step
step 1690/3125 - loss: 0.1553 - acc_top1: 0.8209 - acc_top5: 0.9754 - 128ms/step
step 1700/3125 - loss: 0.1379 - acc_top1: 0.8218 - acc_top5: 0.9756 - 128ms/step
step 1710/3125 - loss: 0.0407 - acc_top1: 0.8226 - acc_top5: 0.9757 - 128ms/step
step 1720/3125 - loss: 0.3872 - acc_top1: 0.8233 - acc_top5: 0.9758 - 128ms/step
step 1730/3125 - loss: 0.0894 - acc_top1: 0.8241 - acc_top5: 0.9760 - 128ms/step
step 1740/3125 - loss: 0.0412 - acc_top1: 0.8249 - acc_top5: 0.9761 - 128ms/step
step 1750/3125 - loss: 0.0770 - acc_top1: 0.8257 - acc_top5: 0.9762 - 128ms/step
step 1760/3125 - loss: 0.3066 - acc_top1: 0.8266 - acc_top5: 0.9764 - 128ms/step
step 1770/3125 - loss: 0.0917 - acc_top1: 0.8273 - acc_top5: 0.9765 - 128ms/step
step 1780/3125 - loss: 0.1690 - acc_top1: 0.8279 - acc_top5: 0.9767 - 128ms/step
step 1790/3125 - loss: 0.0202 - acc_top1: 0.8286 - acc_top5: 0.9768 - 128ms/step
step 1800/3125 - loss: 0.3651 - acc_top1: 0.8293 - acc_top5: 0.9769 - 128ms/step
step 1810/3125 - loss: 0.0472 - acc_top1: 0.8300 - acc_top5: 0.9770 - 128ms/step
step 1820/3125 - loss: 0.1253 - acc_top1: 0.8307 - acc_top5: 0.9772 - 128ms/step
step 1830/3125 - loss: 0.0778 - acc_top1: 0.8315 - acc_top5: 0.9773 - 128ms/step
step 1840/3125 - loss: 0.0268 - acc_top1: 0.8322 - acc_top5: 0.9774 - 128ms/step
step 1850/3125 - loss: 0.1644 - acc_top1: 0.8330 - acc_top5: 0.9775 - 128ms/step
step 1860/3125 - loss: 0.0292 - acc_top1: 0.8337 - acc_top5: 0.9777 - 128ms/step
step 1870/3125 - loss: 0.0365 - acc_top1: 0.8344 - acc_top5: 0.9778 - 128ms/step
step 1880/3125 - loss: 0.0218 - acc_top1: 0.8351 - acc_top5: 0.9779 - 128ms/step
step 1890/3125 - loss: 0.2110 - acc_top1: 0.8357 - acc_top5: 0.9780 - 128ms/step
step 1900/3125 - loss: 0.0329 - acc_top1: 0.8365 - acc_top5: 0.9781 - 128ms/step
step 1910/3125 - loss: 0.0864 - acc_top1: 0.8371 - acc_top5: 0.9782 - 128ms/step
step 1920/3125 - loss: 0.0420 - acc_top1: 0.8379 - acc_top5: 0.9784 - 128ms/step
step 1930/3125 - loss: 0.1246 - acc_top1: 0.8384 - acc_top5: 0.9785 - 128ms/step
step 1940/3125 - loss: 0.0633 - acc_top1: 0.8391 - acc_top5: 0.9786 - 128ms/step
step 1950/3125 - loss: 0.1228 - acc_top1: 0.8396 - acc_top5: 0.9787 - 128ms/step
step 1960/3125 - loss: 0.0215 - acc_top1: 0.8403 - acc_top5: 0.9788 - 128ms/step
step 1970/3125 - loss: 0.3530 - acc_top1: 0.8409 - acc_top5: 0.9789 - 128ms/step
step 1980/3125 - loss: 0.0306 - acc_top1: 0.8415 - acc_top5: 0.9790 - 128ms/step
step 1990/3125 - loss: 0.2123 - acc_top1: 0.8421 - acc_top5: 0.9791 - 128ms/step
step 2000/3125 - loss: 0.2155 - acc_top1: 0.8427 - acc_top5: 0.9792 - 128ms/step
step 2010/3125 - loss: 0.0630 - acc_top1: 0.8433 - acc_top5: 0.9793 - 128ms/step
step 2020/3125 - loss: 0.0367 - acc_top1: 0.8440 - acc_top5: 0.9794 - 128ms/step
step 2030/3125 - loss: 0.0179 - acc_top1: 0.8445 - acc_top5: 0.9795 - 128ms/step
step 2040/3125 - loss: 0.4900 - acc_top1: 0.8450 - acc_top5: 0.9796 - 128ms/step
step 2050/3125 - loss: 0.1108 - acc_top1: 0.8456 - acc_top5: 0.9797 - 128ms/step
step 2060/3125 - loss: 0.0247 - acc_top1: 0.8462 - acc_top5: 0.9798 - 128ms/step
step 2070/3125 - loss: 0.0178 - acc_top1: 0.8469 - acc_top5: 0.9799 - 128ms/step
step 2080/3125 - loss: 0.0927 - acc_top1: 0.8475 - acc_top5: 0.9800 - 128ms/step
step 2090/3125 - loss: 0.0691 - acc_top1: 0.8480 - acc_top5: 0.9801 - 128ms/step
step 2100/3125 - loss: 0.2364 - acc_top1: 0.8485 - acc_top5: 0.9802 - 128ms/step
step 2110/3125 - loss: 0.5744 - acc_top1: 0.8491 - acc_top5: 0.9803 - 128ms/step
step 2120/3125 - loss: 0.0193 - acc_top1: 0.8495 - acc_top5: 0.9804 - 128ms/step
step 2130/3125 - loss: 0.1862 - acc_top1: 0.8500 - acc_top5: 0.9805 - 128ms/step
step 2140/3125 - loss: 0.0672 - acc_top1: 0.8506 - acc_top5: 0.9806 - 128ms/step
step 2150/3125 - loss: 0.1121 - acc_top1: 0.8512 - acc_top5: 0.9807 - 128ms/step
step 2160/3125 - loss: 0.0371 - acc_top1: 0.8518 - acc_top5: 0.9808 - 128ms/step
step 2170/3125 - loss: 0.0213 - acc_top1: 0.8524 - acc_top5: 0.9808 - 128ms/step
step 2180/3125 - loss: 0.0166 - acc_top1: 0.8529 - acc_top5: 0.9809 - 128ms/step
step 2190/3125 - loss: 0.0224 - acc_top1: 0.8534 - acc_top5: 0.9810 - 128ms/step
step 2200/3125 - loss: 0.3241 - acc_top1: 0.8539 - acc_top5: 0.9811 - 128ms/step
step 2210/3125 - loss: 0.0814 - acc_top1: 0.8542 - acc_top5: 0.9812 - 128ms/step
step 2220/3125 - loss: 0.1588 - acc_top1: 0.8546 - acc_top5: 0.9813 - 128ms/step
step 2230/3125 - loss: 0.1300 - acc_top1: 0.8551 - acc_top5: 0.9814 - 128ms/step
step 2240/3125 - loss: 0.1679 - acc_top1: 0.8555 - acc_top5: 0.9814 - 128ms/step
step 2250/3125 - loss: 0.0463 - acc_top1: 0.8560 - acc_top5: 0.9815 - 128ms/step
step 2260/3125 - loss: 0.6198 - acc_top1: 0.8565 - acc_top5: 0.9816 - 128ms/step
step 2270/3125 - loss: 0.0523 - acc_top1: 0.8570 - acc_top5: 0.9817 - 128ms/step
step 2280/3125 - loss: 0.0633 - acc_top1: 0.8576 - acc_top5: 0.9818 - 128ms/step
step 2290/3125 - loss: 0.3418 - acc_top1: 0.8581 - acc_top5: 0.9819 - 128ms/step
step 2300/3125 - loss: 0.3627 - acc_top1: 0.8585 - acc_top5: 0.9819 - 128ms/step
step 2310/3125 - loss: 0.1447 - acc_top1: 0.8589 - acc_top5: 0.9820 - 128ms/step
step 2320/3125 - loss: 0.0380 - acc_top1: 0.8593 - acc_top5: 0.9821 - 128ms/step
step 2330/3125 - loss: 0.0155 - acc_top1: 0.8599 - acc_top5: 0.9822 - 128ms/step
step 2340/3125 - loss: 0.0234 - acc_top1: 0.8604 - acc_top5: 0.9822 - 128ms/step
step 2350/3125 - loss: 0.0764 - acc_top1: 0.8609 - acc_top5: 0.9823 - 128ms/step
step 2360/3125 - loss: 0.0513 - acc_top1: 0.8615 - acc_top5: 0.9824 - 128ms/step
step 2370/3125 - loss: 0.0203 - acc_top1: 0.8618 - acc_top5: 0.9825 - 128ms/step
step 2380/3125 - loss: 0.0999 - acc_top1: 0.8623 - acc_top5: 0.9825 - 128ms/step
step 2390/3125 - loss: 0.1038 - acc_top1: 0.8627 - acc_top5: 0.9826 - 128ms/step
step 2400/3125 - loss: 0.0797 - acc_top1: 0.8632 - acc_top5: 0.9827 - 128ms/step
step 2410/3125 - loss: 0.0637 - acc_top1: 0.8637 - acc_top5: 0.9828 - 128ms/step
step 2420/3125 - loss: 0.2701 - acc_top1: 0.8640 - acc_top5: 0.9828 - 128ms/step
step 2430/3125 - loss: 0.0590 - acc_top1: 0.8644 - acc_top5: 0.9829 - 128ms/step
step 2440/3125 - loss: 0.0268 - acc_top1: 0.8649 - acc_top5: 0.9829 - 128ms/step
step 2450/3125 - loss: 0.1494 - acc_top1: 0.8652 - acc_top5: 0.9830 - 128ms/step
step 2460/3125 - loss: 0.1038 - acc_top1: 0.8657 - acc_top5: 0.9831 - 128ms/step
step 2470/3125 - loss: 0.2122 - acc_top1: 0.8662 - acc_top5: 0.9831 - 128ms/step
step 2480/3125 - loss: 0.0234 - acc_top1: 0.8667 - acc_top5: 0.9832 - 128ms/step
step 2490/3125 - loss: 0.0170 - acc_top1: 0.8672 - acc_top5: 0.9833 - 128ms/step
step 2500/3125 - loss: 0.0775 - acc_top1: 0.8676 - acc_top5: 0.9833 - 128ms/step
step 2510/3125 - loss: 0.0523 - acc_top1: 0.8680 - acc_top5: 0.9834 - 128ms/step
step 2520/3125 - loss: 0.0165 - acc_top1: 0.8683 - acc_top5: 0.9835 - 128ms/step
step 2530/3125 - loss: 0.0106 - acc_top1: 0.8687 - acc_top5: 0.9835 - 128ms/step
step 2540/3125 - loss: 0.1221 - acc_top1: 0.8690 - acc_top5: 0.9836 - 128ms/step
step 2550/3125 - loss: 0.0746 - acc_top1: 0.8694 - acc_top5: 0.9837 - 128ms/step
step 2560/3125 - loss: 0.1252 - acc_top1: 0.8697 - acc_top5: 0.9837 - 129ms/step
step 2570/3125 - loss: 0.1935 - acc_top1: 0.8701 - acc_top5: 0.9838 - 129ms/step
step 2580/3125 - loss: 0.0160 - acc_top1: 0.8705 - acc_top5: 0.9838 - 129ms/step
step 2590/3125 - loss: 0.0897 - acc_top1: 0.8708 - acc_top5: 0.9839 - 129ms/step
step 2600/3125 - loss: 0.0673 - acc_top1: 0.8711 - acc_top5: 0.9839 - 129ms/step
step 2610/3125 - loss: 0.0137 - acc_top1: 0.8715 - acc_top5: 0.9840 - 129ms/step
step 2620/3125 - loss: 0.5817 - acc_top1: 0.8718 - acc_top5: 0.9841 - 129ms/step
step 2630/3125 - loss: 0.3217 - acc_top1: 0.8721 - acc_top5: 0.9841 - 129ms/step
step 2640/3125 - loss: 0.2271 - acc_top1: 0.8724 - acc_top5: 0.9842 - 129ms/step
step 2650/3125 - loss: 0.0111 - acc_top1: 0.8727 - acc_top5: 0.9842 - 129ms/step
step 2660/3125 - loss: 0.1352 - acc_top1: 0.8731 - acc_top5: 0.9843 - 129ms/step
step 2670/3125 - loss: 0.0143 - acc_top1: 0.8735 - acc_top5: 0.9844 - 129ms/step
step 2680/3125 - loss: 0.0980 - acc_top1: 0.8738 - acc_top5: 0.9844 - 129ms/step
step 2690/3125 - loss: 0.2558 - acc_top1: 0.8741 - acc_top5: 0.9845 - 129ms/step
step 2700/3125 - loss: 0.0110 - acc_top1: 0.8745 - acc_top5: 0.9845 - 129ms/step
step 2710/3125 - loss: 0.0530 - acc_top1: 0.8748 - acc_top5: 0.9846 - 129ms/step
step 2720/3125 - loss: 0.2006 - acc_top1: 0.8752 - acc_top5: 0.9846 - 129ms/step
step 2730/3125 - loss: 0.0269 - acc_top1: 0.8756 - acc_top5: 0.9847 - 129ms/step
step 2740/3125 - loss: 0.0205 - acc_top1: 0.8760 - acc_top5: 0.9847 - 129ms/step
step 2750/3125 - loss: 0.0477 - acc_top1: 0.8763 - acc_top5: 0.9848 - 129ms/step
step 2760/3125 - loss: 0.2784 - acc_top1: 0.8767 - acc_top5: 0.9849 - 129ms/step
step 2770/3125 - loss: 0.1107 - acc_top1: 0.8771 - acc_top5: 0.9849 - 129ms/step
step 2780/3125 - loss: 0.0279 - acc_top1: 0.8774 - acc_top5: 0.9850 - 129ms/step
step 2790/3125 - loss: 0.3696 - acc_top1: 0.8777 - acc_top5: 0.9850 - 129ms/step
step 2800/3125 - loss: 0.0183 - acc_top1: 0.8781 - acc_top5: 0.9851 - 129ms/step
step 2810/3125 - loss: 0.0208 - acc_top1: 0.8785 - acc_top5: 0.9851 - 129ms/step
step 2820/3125 - loss: 0.0137 - acc_top1: 0.8788 - acc_top5: 0.9852 - 129ms/step
step 2830/3125 - loss: 0.0302 - acc_top1: 0.8791 - acc_top5: 0.9852 - 129ms/step
step 2840/3125 - loss: 0.1090 - acc_top1: 0.8795 - acc_top5: 0.9853 - 129ms/step
step 2850/3125 - loss: 0.0197 - acc_top1: 0.8798 - acc_top5: 0.9853 - 129ms/step
step 2860/3125 - loss: 0.0170 - acc_top1: 0.8802 - acc_top5: 0.9854 - 129ms/step
step 2870/3125 - loss: 0.0109 - acc_top1: 0.8805 - acc_top5: 0.9854 - 129ms/step
step 2880/3125 - loss: 0.0226 - acc_top1: 0.8808 - acc_top5: 0.9855 - 129ms/step
step 2890/3125 - loss: 0.0179 - acc_top1: 0.8811 - acc_top5: 0.9855 - 129ms/step
step 2900/3125 - loss: 0.0330 - acc_top1: 0.8814 - acc_top5: 0.9856 - 129ms/step
step 2910/3125 - loss: 0.1211 - acc_top1: 0.8817 - acc_top5: 0.9856 - 129ms/step
step 2920/3125 - loss: 0.0202 - acc_top1: 0.8821 - acc_top5: 0.9857 - 129ms/step
step 2930/3125 - loss: 0.0344 - acc_top1: 0.8824 - acc_top5: 0.9857 - 129ms/step
step 2940/3125 - loss: 0.0214 - acc_top1: 0.8827 - acc_top5: 0.9858 - 129ms/step
step 2950/3125 - loss: 0.0740 - acc_top1: 0.8829 - acc_top5: 0.9858 - 129ms/step
step 2960/3125 - loss: 0.0214 - acc_top1: 0.8832 - acc_top5: 0.9859 - 129ms/step
step 2970/3125 - loss: 0.0090 - acc_top1: 0.8835 - acc_top5: 0.9859 - 129ms/step
step 2980/3125 - loss: 0.0208 - acc_top1: 0.8839 - acc_top5: 0.9859 - 129ms/step
step 2990/3125 - loss: 0.0375 - acc_top1: 0.8842 - acc_top5: 0.9860 - 129ms/step
step 3000/3125 - loss: 0.2612 - acc_top1: 0.8844 - acc_top5: 0.9860 - 129ms/step
step 3010/3125 - loss: 0.1120 - acc_top1: 0.8847 - acc_top5: 0.9861 - 129ms/step
step 3020/3125 - loss: 0.0468 - acc_top1: 0.8850 - acc_top5: 0.9861 - 129ms/step
step 3030/3125 - loss: 0.0186 - acc_top1: 0.8854 - acc_top5: 0.9862 - 129ms/step
step 3040/3125 - loss: 0.1259 - acc_top1: 0.8856 - acc_top5: 0.9862 - 129ms/step
step 3050/3125 - loss: 0.0121 - acc_top1: 0.8858 - acc_top5: 0.9862 - 129ms/step
step 3060/3125 - loss: 0.0101 - acc_top1: 0.8862 - acc_top5: 0.9863 - 129ms/step
step 3070/3125 - loss: 0.0146 - acc_top1: 0.8864 - acc_top5: 0.9863 - 129ms/step
step 3080/3125 - loss: 0.2884 - acc_top1: 0.8866 - acc_top5: 0.9864 - 129ms/step
step 3090/3125 - loss: 0.0496 - acc_top1: 0.8869 - acc_top5: 0.9864 - 129ms/step
step 3100/3125 - loss: 0.1179 - acc_top1: 0.8872 - acc_top5: 0.9865 - 129ms/step
step 3110/3125 - loss: 0.0146 - acc_top1: 0.8875 - acc_top5: 0.9865 - 129ms/step
step 3120/3125 - loss: 0.0734 - acc_top1: 0.8878 - acc_top5: 0.9866 - 129ms/step
step 3125/3125 - loss: 0.0537 - acc_top1: 0.8879 - acc_top5: 0.9866 - 129ms/step
save checkpoint at /home/aistudio/checkpoints/in1k/0
Eval begin...
step  10/625 - loss: 0.2909 - acc_top1: 0.9375 - acc_top5: 1.0000 - 50ms/step
step  20/625 - loss: 0.0935 - acc_top1: 0.9469 - acc_top5: 1.0000 - 48ms/step
step  30/625 - loss: 0.1168 - acc_top1: 0.9542 - acc_top5: 1.0000 - 47ms/step
step  40/625 - loss: 0.1146 - acc_top1: 0.9609 - acc_top5: 1.0000 - 46ms/step
step  50/625 - loss: 0.3063 - acc_top1: 0.9637 - acc_top5: 1.0000 - 46ms/step
step  60/625 - loss: 0.0238 - acc_top1: 0.9656 - acc_top5: 1.0000 - 46ms/step
step  70/625 - loss: 0.0556 - acc_top1: 0.9688 - acc_top5: 1.0000 - 46ms/step
step  80/625 - loss: 0.0303 - acc_top1: 0.9680 - acc_top5: 1.0000 - 45ms/step
step  90/625 - loss: 0.0642 - acc_top1: 0.9681 - acc_top5: 1.0000 - 45ms/step
step 100/625 - loss: 0.0487 - acc_top1: 0.9688 - acc_top5: 1.0000 - 45ms/step
step 110/625 - loss: 0.0361 - acc_top1: 0.9710 - acc_top5: 1.0000 - 45ms/step
step 120/625 - loss: 0.1344 - acc_top1: 0.9688 - acc_top5: 1.0000 - 46ms/step
step 130/625 - loss: 0.2273 - acc_top1: 0.9678 - acc_top5: 1.0000 - 47ms/step
step 140/625 - loss: 0.1738 - acc_top1: 0.9674 - acc_top5: 1.0000 - 47ms/step
step 150/625 - loss: 0.0250 - acc_top1: 0.9679 - acc_top5: 1.0000 - 47ms/step
step 160/625 - loss: 0.0995 - acc_top1: 0.9656 - acc_top5: 1.0000 - 47ms/step
step 170/625 - loss: 0.0279 - acc_top1: 0.9669 - acc_top5: 1.0000 - 46ms/step
step 180/625 - loss: 0.0120 - acc_top1: 0.9663 - acc_top5: 1.0000 - 46ms/step
step 190/625 - loss: 0.0155 - acc_top1: 0.9671 - acc_top5: 1.0000 - 46ms/step
step 200/625 - loss: 0.0755 - acc_top1: 0.9663 - acc_top5: 1.0000 - 46ms/step
step 210/625 - loss: 0.2506 - acc_top1: 0.9661 - acc_top5: 1.0000 - 46ms/step
step 220/625 - loss: 0.0398 - acc_top1: 0.9665 - acc_top5: 1.0000 - 46ms/step
step 230/625 - loss: 0.0110 - acc_top1: 0.9658 - acc_top5: 1.0000 - 46ms/step
step 240/625 - loss: 0.2505 - acc_top1: 0.9654 - acc_top5: 1.0000 - 46ms/step
step 250/625 - loss: 0.0108 - acc_top1: 0.9663 - acc_top5: 1.0000 - 46ms/step
step 260/625 - loss: 0.3069 - acc_top1: 0.9663 - acc_top5: 1.0000 - 46ms/step
step 270/625 - loss: 0.1048 - acc_top1: 0.9669 - acc_top5: 1.0000 - 46ms/step
step 280/625 - loss: 0.4275 - acc_top1: 0.9679 - acc_top5: 1.0000 - 46ms/step
step 290/625 - loss: 0.0310 - acc_top1: 0.9670 - acc_top5: 1.0000 - 46ms/step
step 300/625 - loss: 0.3817 - acc_top1: 0.9667 - acc_top5: 1.0000 - 45ms/step
step 310/625 - loss: 0.0225 - acc_top1: 0.9673 - acc_top5: 1.0000 - 45ms/step
step 320/625 - loss: 0.0135 - acc_top1: 0.9674 - acc_top5: 1.0000 - 45ms/step
step 330/625 - loss: 0.0965 - acc_top1: 0.9670 - acc_top5: 1.0000 - 45ms/step
step 340/625 - loss: 0.2396 - acc_top1: 0.9678 - acc_top5: 1.0000 - 45ms/step
step 350/625 - loss: 0.0843 - acc_top1: 0.9675 - acc_top5: 1.0000 - 45ms/step
step 360/625 - loss: 0.1230 - acc_top1: 0.9674 - acc_top5: 1.0000 - 45ms/step
step 370/625 - loss: 0.0541 - acc_top1: 0.9679 - acc_top5: 1.0000 - 45ms/step
step 380/625 - loss: 0.0599 - acc_top1: 0.9686 - acc_top5: 1.0000 - 45ms/step
step 390/625 - loss: 0.0179 - acc_top1: 0.9684 - acc_top5: 1.0000 - 45ms/step
step 400/625 - loss: 0.0215 - acc_top1: 0.9688 - acc_top5: 1.0000 - 45ms/step
step 410/625 - loss: 0.0101 - acc_top1: 0.9694 - acc_top5: 1.0000 - 45ms/step
step 420/625 - loss: 0.0263 - acc_top1: 0.9698 - acc_top5: 0.9999 - 45ms/step
step 430/625 - loss: 0.0993 - acc_top1: 0.9693 - acc_top5: 0.9999 - 45ms/step
step 440/625 - loss: 0.0089 - acc_top1: 0.9692 - acc_top5: 0.9999 - 45ms/step
step 450/625 - loss: 0.0090 - acc_top1: 0.9694 - acc_top5: 0.9999 - 45ms/step
step 460/625 - loss: 0.0090 - acc_top1: 0.9698 - acc_top5: 0.9999 - 45ms/step
step 470/625 - loss: 0.1271 - acc_top1: 0.9697 - acc_top5: 0.9999 - 45ms/step
step 480/625 - loss: 0.0560 - acc_top1: 0.9690 - acc_top5: 0.9999 - 45ms/step
step 490/625 - loss: 0.3050 - acc_top1: 0.9689 - acc_top5: 0.9997 - 45ms/step
step 500/625 - loss: 0.0373 - acc_top1: 0.9690 - acc_top5: 0.9998 - 45ms/step
step 510/625 - loss: 0.0357 - acc_top1: 0.9692 - acc_top5: 0.9998 - 45ms/step
step 520/625 - loss: 0.0732 - acc_top1: 0.9695 - acc_top5: 0.9998 - 45ms/step
step 530/625 - loss: 0.2088 - acc_top1: 0.9693 - acc_top5: 0.9998 - 45ms/step
step 540/625 - loss: 0.0196 - acc_top1: 0.9694 - acc_top5: 0.9998 - 45ms/step
step 550/625 - loss: 0.0285 - acc_top1: 0.9695 - acc_top5: 0.9998 - 45ms/step
step 560/625 - loss: 0.0479 - acc_top1: 0.9699 - acc_top5: 0.9998 - 45ms/step
step 570/625 - loss: 0.0427 - acc_top1: 0.9701 - acc_top5: 0.9998 - 45ms/step
step 580/625 - loss: 0.2220 - acc_top1: 0.9697 - acc_top5: 0.9998 - 45ms/step
step 590/625 - loss: 0.0981 - acc_top1: 0.9696 - acc_top5: 0.9998 - 45ms/step
step 600/625 - loss: 0.3047 - acc_top1: 0.9699 - acc_top5: 0.9998 - 45ms/step
step 610/625 - loss: 0.0144 - acc_top1: 0.9703 - acc_top5: 0.9998 - 45ms/step
step 620/625 - loss: 0.2713 - acc_top1: 0.9701 - acc_top5: 0.9998 - 45ms/step
step 625/625 - loss: 0.0509 - acc_top1: 0.9702 - acc_top5: 0.9998 - 45ms/step
Eval samples: 10000
Epoch 2/2
step   10/3125 - loss: 0.0872 - acc_top1: 0.9875 - acc_top5: 1.0000 - 135ms/step
step   20/3125 - loss: 0.0332 - acc_top1: 0.9875 - acc_top5: 1.0000 - 132ms/step
step   30/3125 - loss: 0.0798 - acc_top1: 0.9854 - acc_top5: 1.0000 - 131ms/step
step   40/3125 - loss: 0.0611 - acc_top1: 0.9859 - acc_top5: 1.0000 - 130ms/step
step   50/3125 - loss: 0.3021 - acc_top1: 0.9862 - acc_top5: 1.0000 - 130ms/step
step   60/3125 - loss: 0.0171 - acc_top1: 0.9865 - acc_top5: 1.0000 - 130ms/step
step   70/3125 - loss: 0.1379 - acc_top1: 0.9866 - acc_top5: 1.0000 - 130ms/step
step   80/3125 - loss: 0.0489 - acc_top1: 0.9859 - acc_top5: 1.0000 - 130ms/step
step   90/3125 - loss: 0.0726 - acc_top1: 0.9854 - acc_top5: 0.9993 - 130ms/step
step  100/3125 - loss: 0.0205 - acc_top1: 0.9862 - acc_top5: 0.9994 - 130ms/step
step  110/3125 - loss: 0.0096 - acc_top1: 0.9864 - acc_top5: 0.9994 - 130ms/step
step  120/3125 - loss: 0.0139 - acc_top1: 0.9859 - acc_top5: 0.9995 - 130ms/step
step  130/3125 - loss: 0.0392 - acc_top1: 0.9861 - acc_top5: 0.9995 - 130ms/step
step  140/3125 - loss: 0.1480 - acc_top1: 0.9862 - acc_top5: 0.9996 - 130ms/step
step  150/3125 - loss: 0.0209 - acc_top1: 0.9862 - acc_top5: 0.9996 - 130ms/step
step  160/3125 - loss: 0.0503 - acc_top1: 0.9852 - acc_top5: 0.9996 - 130ms/step
step  170/3125 - loss: 0.0146 - acc_top1: 0.9860 - acc_top5: 0.9996 - 130ms/step
step  180/3125 - loss: 0.1023 - acc_top1: 0.9858 - acc_top5: 0.9997 - 130ms/step
step  190/3125 - loss: 0.1376 - acc_top1: 0.9855 - acc_top5: 0.9997 - 130ms/step
step  200/3125 - loss: 0.1488 - acc_top1: 0.9853 - acc_top5: 0.9997 - 130ms/step
step  210/3125 - loss: 0.0128 - acc_top1: 0.9851 - acc_top5: 0.9997 - 130ms/step
step  220/3125 - loss: 0.0108 - acc_top1: 0.9855 - acc_top5: 0.9997 - 130ms/step
step  230/3125 - loss: 0.0210 - acc_top1: 0.9856 - acc_top5: 0.9997 - 130ms/step
step  240/3125 - loss: 0.0098 - acc_top1: 0.9859 - acc_top5: 0.9997 - 130ms/step
step  250/3125 - loss: 0.0093 - acc_top1: 0.9852 - acc_top5: 0.9998 - 130ms/step
step  260/3125 - loss: 0.0295 - acc_top1: 0.9853 - acc_top5: 0.9998 - 130ms/step
step  270/3125 - loss: 0.3679 - acc_top1: 0.9854 - acc_top5: 0.9998 - 130ms/step
step  280/3125 - loss: 0.0241 - acc_top1: 0.9857 - acc_top5: 0.9998 - 130ms/step
step  290/3125 - loss: 0.1987 - acc_top1: 0.9853 - acc_top5: 0.9998 - 130ms/step
step  300/3125 - loss: 0.0156 - acc_top1: 0.9854 - acc_top5: 0.9998 - 130ms/step
step  310/3125 - loss: 0.0144 - acc_top1: 0.9859 - acc_top5: 0.9998 - 130ms/step
step  320/3125 - loss: 0.0080 - acc_top1: 0.9859 - acc_top5: 0.9998 - 130ms/step
step  330/3125 - loss: 0.0063 - acc_top1: 0.9862 - acc_top5: 0.9998 - 130ms/step
step  340/3125 - loss: 0.0061 - acc_top1: 0.9862 - acc_top5: 0.9998 - 130ms/step
step  350/3125 - loss: 0.0128 - acc_top1: 0.9852 - acc_top5: 0.9998 - 130ms/step
step  360/3125 - loss: 0.0094 - acc_top1: 0.9851 - acc_top5: 0.9998 - 130ms/step
step  370/3125 - loss: 0.0098 - acc_top1: 0.9846 - acc_top5: 0.9998 - 130ms/step
step  380/3125 - loss: 0.0287 - acc_top1: 0.9849 - acc_top5: 0.9998 - 130ms/step
step  390/3125 - loss: 0.0075 - acc_top1: 0.9851 - acc_top5: 0.9998 - 130ms/step
step  400/3125 - loss: 0.0085 - acc_top1: 0.9853 - acc_top5: 0.9998 - 130ms/step
step  410/3125 - loss: 0.0063 - acc_top1: 0.9855 - acc_top5: 0.9998 - 130ms/step
step  420/3125 - loss: 0.0100 - acc_top1: 0.9856 - acc_top5: 0.9999 - 130ms/step
step  430/3125 - loss: 0.0214 - acc_top1: 0.9858 - acc_top5: 0.9999 - 130ms/step
step  440/3125 - loss: 0.1688 - acc_top1: 0.9857 - acc_top5: 0.9999 - 130ms/step
step  450/3125 - loss: 0.0819 - acc_top1: 0.9856 - acc_top5: 0.9999 - 130ms/step
step  460/3125 - loss: 0.0095 - acc_top1: 0.9856 - acc_top5: 0.9999 - 130ms/step
step  470/3125 - loss: 0.1077 - acc_top1: 0.9852 - acc_top5: 0.9999 - 130ms/step
step  480/3125 - loss: 0.0119 - acc_top1: 0.9850 - acc_top5: 0.9999 - 130ms/step
step  490/3125 - loss: 0.0654 - acc_top1: 0.9851 - acc_top5: 0.9999 - 130ms/step
step  500/3125 - loss: 0.0226 - acc_top1: 0.9849 - acc_top5: 0.9999 - 130ms/step
step  510/3125 - loss: 0.0179 - acc_top1: 0.9848 - acc_top5: 0.9999 - 130ms/step
step  520/3125 - loss: 0.4177 - acc_top1: 0.9849 - acc_top5: 0.9999 - 130ms/step
step  530/3125 - loss: 0.3275 - acc_top1: 0.9849 - acc_top5: 0.9999 - 130ms/step
step  540/3125 - loss: 0.0269 - acc_top1: 0.9851 - acc_top5: 0.9999 - 130ms/step
step  550/3125 - loss: 0.0056 - acc_top1: 0.9852 - acc_top5: 0.9999 - 130ms/step
step  560/3125 - loss: 0.0452 - acc_top1: 0.9849 - acc_top5: 0.9999 - 130ms/step
step  570/3125 - loss: 0.0086 - acc_top1: 0.9851 - acc_top5: 0.9999 - 130ms/step
step  580/3125 - loss: 0.0080 - acc_top1: 0.9849 - acc_top5: 0.9999 - 130ms/step
step  590/3125 - loss: 0.0671 - acc_top1: 0.9849 - acc_top5: 0.9999 - 130ms/step
step  600/3125 - loss: 0.0154 - acc_top1: 0.9851 - acc_top5: 0.9999 - 130ms/step
step  610/3125 - loss: 0.0242 - acc_top1: 0.9852 - acc_top5: 0.9999 - 130ms/step
step  620/3125 - loss: 0.1050 - acc_top1: 0.9853 - acc_top5: 0.9999 - 130ms/step
step  630/3125 - loss: 0.1061 - acc_top1: 0.9854 - acc_top5: 0.9999 - 130ms/step
step  640/3125 - loss: 0.1023 - acc_top1: 0.9854 - acc_top5: 0.9999 - 130ms/step
step  650/3125 - loss: 0.0600 - acc_top1: 0.9853 - acc_top5: 0.9999 - 130ms/step
step  660/3125 - loss: 0.0574 - acc_top1: 0.9850 - acc_top5: 0.9999 - 130ms/step
step  670/3125 - loss: 0.0056 - acc_top1: 0.9851 - acc_top5: 0.9999 - 130ms/step
step  680/3125 - loss: 0.0059 - acc_top1: 0.9850 - acc_top5: 0.9999 - 130ms/step
step  690/3125 - loss: 0.0183 - acc_top1: 0.9851 - acc_top5: 0.9999 - 130ms/step
step  700/3125 - loss: 0.0253 - acc_top1: 0.9851 - acc_top5: 0.9999 - 130ms/step
step  710/3125 - loss: 0.0848 - acc_top1: 0.9852 - acc_top5: 0.9999 - 130ms/step
step  720/3125 - loss: 0.0070 - acc_top1: 0.9852 - acc_top5: 0.9999 - 130ms/step
step  730/3125 - loss: 0.0096 - acc_top1: 0.9850 - acc_top5: 0.9999 - 130ms/step
step  740/3125 - loss: 0.0171 - acc_top1: 0.9852 - acc_top5: 0.9999 - 130ms/step
step  750/3125 - loss: 0.1154 - acc_top1: 0.9852 - acc_top5: 0.9999 - 130ms/step
step  760/3125 - loss: 0.1103 - acc_top1: 0.9853 - acc_top5: 0.9999 - 130ms/step
step  770/3125 - loss: 0.0092 - acc_top1: 0.9852 - acc_top5: 0.9999 - 130ms/step
step  780/3125 - loss: 0.2300 - acc_top1: 0.9853 - acc_top5: 0.9999 - 130ms/step
step  790/3125 - loss: 0.0076 - acc_top1: 0.9854 - acc_top5: 0.9999 - 130ms/step
step  800/3125 - loss: 0.0101 - acc_top1: 0.9856 - acc_top5: 0.9999 - 130ms/step
step  810/3125 - loss: 0.0101 - acc_top1: 0.9858 - acc_top5: 0.9999 - 129ms/step
step  820/3125 - loss: 0.0085 - acc_top1: 0.9858 - acc_top5: 0.9999 - 129ms/step
step  830/3125 - loss: 0.1736 - acc_top1: 0.9858 - acc_top5: 0.9999 - 129ms/step
step  840/3125 - loss: 0.0055 - acc_top1: 0.9854 - acc_top5: 0.9999 - 129ms/step
step  850/3125 - loss: 0.0510 - acc_top1: 0.9855 - acc_top5: 0.9999 - 129ms/step
step  860/3125 - loss: 0.0205 - acc_top1: 0.9855 - acc_top5: 0.9999 - 129ms/step
step  870/3125 - loss: 0.0086 - acc_top1: 0.9856 - acc_top5: 0.9999 - 129ms/step
step  880/3125 - loss: 0.0047 - acc_top1: 0.9856 - acc_top5: 0.9999 - 129ms/step
step  890/3125 - loss: 0.0064 - acc_top1: 0.9856 - acc_top5: 0.9999 - 129ms/step
step  900/3125 - loss: 0.0138 - acc_top1: 0.9855 - acc_top5: 0.9999 - 129ms/step
step  910/3125 - loss: 0.2380 - acc_top1: 0.9854 - acc_top5: 0.9999 - 129ms/step
step  920/3125 - loss: 0.1917 - acc_top1: 0.9852 - acc_top5: 0.9999 - 129ms/step
step  930/3125 - loss: 0.0079 - acc_top1: 0.9848 - acc_top5: 0.9999 - 129ms/step
step  940/3125 - loss: 0.0041 - acc_top1: 0.9848 - acc_top5: 0.9999 - 129ms/step
step  950/3125 - loss: 0.0110 - acc_top1: 0.9849 - acc_top5: 0.9999 - 129ms/step
step  960/3125 - loss: 0.0068 - acc_top1: 0.9850 - acc_top5: 0.9999 - 129ms/step
step  970/3125 - loss: 0.0437 - acc_top1: 0.9850 - acc_top5: 0.9999 - 129ms/step
step  980/3125 - loss: 0.0227 - acc_top1: 0.9850 - acc_top5: 0.9999 - 129ms/step
step  990/3125 - loss: 0.0307 - acc_top1: 0.9850 - acc_top5: 0.9999 - 129ms/step
step 1000/3125 - loss: 0.1077 - acc_top1: 0.9851 - acc_top5: 0.9999 - 129ms/step
step 1010/3125 - loss: 0.0268 - acc_top1: 0.9852 - acc_top5: 0.9999 - 129ms/step
step 1020/3125 - loss: 0.0157 - acc_top1: 0.9852 - acc_top5: 0.9999 - 129ms/step
step 1030/3125 - loss: 0.0387 - acc_top1: 0.9853 - acc_top5: 0.9999 - 129ms/step
step 1040/3125 - loss: 0.0068 - acc_top1: 0.9853 - acc_top5: 0.9999 - 129ms/step
step 1050/3125 - loss: 0.0171 - acc_top1: 0.9852 - acc_top5: 0.9999 - 129ms/step
step 1060/3125 - loss: 0.1252 - acc_top1: 0.9853 - acc_top5: 0.9999 - 129ms/step
step 1070/3125 - loss: 0.1234 - acc_top1: 0.9852 - acc_top5: 0.9999 - 129ms/step
step 1080/3125 - loss: 0.0673 - acc_top1: 0.9852 - acc_top5: 0.9999 - 129ms/step
step 1090/3125 - loss: 0.0047 - acc_top1: 0.9853 - acc_top5: 0.9999 - 129ms/step
step 1100/3125 - loss: 0.0075 - acc_top1: 0.9853 - acc_top5: 0.9999 - 129ms/step
step 1110/3125 - loss: 0.0152 - acc_top1: 0.9854 - acc_top5: 0.9999 - 129ms/step
step 1120/3125 - loss: 0.0074 - acc_top1: 0.9855 - acc_top5: 0.9999 - 129ms/step
step 1130/3125 - loss: 0.1063 - acc_top1: 0.9855 - acc_top5: 0.9999 - 129ms/step
step 1140/3125 - loss: 0.0041 - acc_top1: 0.9856 - acc_top5: 0.9999 - 129ms/step
step 1150/3125 - loss: 0.3135 - acc_top1: 0.9854 - acc_top5: 0.9999 - 129ms/step
step 1160/3125 - loss: 0.0058 - acc_top1: 0.9855 - acc_top5: 0.9999 - 129ms/step
step 1170/3125 - loss: 0.0064 - acc_top1: 0.9854 - acc_top5: 0.9999 - 129ms/step
step 1180/3125 - loss: 0.0446 - acc_top1: 0.9855 - acc_top5: 0.9999 - 129ms/step
step 1190/3125 - loss: 0.0051 - acc_top1: 0.9854 - acc_top5: 0.9999 - 129ms/step
step 1200/3125 - loss: 0.1307 - acc_top1: 0.9854 - acc_top5: 0.9999 - 129ms/step
step 1210/3125 - loss: 0.0287 - acc_top1: 0.9854 - acc_top5: 0.9999 - 129ms/step
step 1220/3125 - loss: 0.3313 - acc_top1: 0.9855 - acc_top5: 0.9999 - 129ms/step
step 1230/3125 - loss: 0.0256 - acc_top1: 0.9855 - acc_top5: 0.9999 - 129ms/step
step 1240/3125 - loss: 0.0068 - acc_top1: 0.9855 - acc_top5: 0.9999 - 129ms/step
step 1250/3125 - loss: 0.0089 - acc_top1: 0.9855 - acc_top5: 1.0000 - 129ms/step
step 1260/3125 - loss: 0.0576 - acc_top1: 0.9855 - acc_top5: 1.0000 - 129ms/step
step 1270/3125 - loss: 0.0270 - acc_top1: 0.9854 - acc_top5: 1.0000 - 129ms/step
step 1280/3125 - loss: 0.0096 - acc_top1: 0.9854 - acc_top5: 1.0000 - 129ms/step
step 1290/3125 - loss: 0.0127 - acc_top1: 0.9855 - acc_top5: 1.0000 - 129ms/step
step 1300/3125 - loss: 0.0281 - acc_top1: 0.9856 - acc_top5: 1.0000 - 129ms/step
step 1310/3125 - loss: 0.0056 - acc_top1: 0.9857 - acc_top5: 1.0000 - 129ms/step
step 1320/3125 - loss: 0.0048 - acc_top1: 0.9857 - acc_top5: 1.0000 - 129ms/step
step 1330/3125 - loss: 0.0081 - acc_top1: 0.9857 - acc_top5: 1.0000 - 129ms/step
step 1340/3125 - loss: 0.0204 - acc_top1: 0.9858 - acc_top5: 1.0000 - 129ms/step
step 1350/3125 - loss: 0.0127 - acc_top1: 0.9859 - acc_top5: 1.0000 - 129ms/step
step 1360/3125 - loss: 0.0123 - acc_top1: 0.9859 - acc_top5: 1.0000 - 129ms/step
step 1370/3125 - loss: 0.0073 - acc_top1: 0.9859 - acc_top5: 1.0000 - 129ms/step
step 1380/3125 - loss: 0.0108 - acc_top1: 0.9860 - acc_top5: 1.0000 - 129ms/step
step 1390/3125 - loss: 0.0038 - acc_top1: 0.9860 - acc_top5: 1.0000 - 129ms/step
step 1400/3125 - loss: 0.0616 - acc_top1: 0.9858 - acc_top5: 1.0000 - 129ms/step
step 1410/3125 - loss: 0.2009 - acc_top1: 0.9858 - acc_top5: 1.0000 - 129ms/step
step 1420/3125 - loss: 0.3608 - acc_top1: 0.9856 - acc_top5: 1.0000 - 129ms/step
step 1430/3125 - loss: 0.0043 - acc_top1: 0.9857 - acc_top5: 1.0000 - 129ms/step
step 1440/3125 - loss: 0.0083 - acc_top1: 0.9857 - acc_top5: 1.0000 - 129ms/step
step 1450/3125 - loss: 0.0858 - acc_top1: 0.9857 - acc_top5: 1.0000 - 129ms/step
step 1460/3125 - loss: 0.0040 - acc_top1: 0.9857 - acc_top5: 1.0000 - 129ms/step
step 1470/3125 - loss: 0.0129 - acc_top1: 0.9858 - acc_top5: 1.0000 - 129ms/step
step 1480/3125 - loss: 0.0184 - acc_top1: 0.9859 - acc_top5: 1.0000 - 129ms/step
step 1490/3125 - loss: 0.0108 - acc_top1: 0.9859 - acc_top5: 1.0000 - 129ms/step
step 1500/3125 - loss: 0.0030 - acc_top1: 0.9859 - acc_top5: 1.0000 - 129ms/step
step 1510/3125 - loss: 0.0338 - acc_top1: 0.9860 - acc_top5: 1.0000 - 129ms/step
step 1520/3125 - loss: 0.0050 - acc_top1: 0.9860 - acc_top5: 1.0000 - 129ms/step
step 1530/3125 - loss: 0.0059 - acc_top1: 0.9860 - acc_top5: 1.0000 - 129ms/step
step 1540/3125 - loss: 0.0156 - acc_top1: 0.9859 - acc_top5: 1.0000 - 129ms/step
step 1550/3125 - loss: 0.0098 - acc_top1: 0.9860 - acc_top5: 1.0000 - 129ms/step
step 1560/3125 - loss: 0.0965 - acc_top1: 0.9860 - acc_top5: 1.0000 - 129ms/step
step 1570/3125 - loss: 0.0106 - acc_top1: 0.9860 - acc_top5: 1.0000 - 129ms/step
step 1580/3125 - loss: 0.0498 - acc_top1: 0.9861 - acc_top5: 1.0000 - 129ms/step
step 1590/3125 - loss: 0.0058 - acc_top1: 0.9860 - acc_top5: 1.0000 - 129ms/step
step 1600/3125 - loss: 0.0050 - acc_top1: 0.9860 - acc_top5: 1.0000 - 129ms/step
step 1610/3125 - loss: 0.0151 - acc_top1: 0.9860 - acc_top5: 1.0000 - 129ms/step
step 1620/3125 - loss: 0.0504 - acc_top1: 0.9859 - acc_top5: 1.0000 - 129ms/step
step 1630/3125 - loss: 0.0037 - acc_top1: 0.9859 - acc_top5: 1.0000 - 129ms/step
step 1640/3125 - loss: 0.0530 - acc_top1: 0.9859 - acc_top5: 1.0000 - 129ms/step
step 1650/3125 - loss: 0.0432 - acc_top1: 0.9858 - acc_top5: 1.0000 - 129ms/step
step 1660/3125 - loss: 0.1094 - acc_top1: 0.9858 - acc_top5: 1.0000 - 129ms/step
step 1670/3125 - loss: 0.0536 - acc_top1: 0.9859 - acc_top5: 1.0000 - 129ms/step
step 1680/3125 - loss: 0.0079 - acc_top1: 0.9858 - acc_top5: 1.0000 - 129ms/step
step 1690/3125 - loss: 0.0470 - acc_top1: 0.9859 - acc_top5: 1.0000 - 129ms/step
step 1700/3125 - loss: 0.0119 - acc_top1: 0.9858 - acc_top5: 1.0000 - 129ms/step
step 1710/3125 - loss: 0.0085 - acc_top1: 0.9858 - acc_top5: 1.0000 - 129ms/step
step 1720/3125 - loss: 0.0176 - acc_top1: 0.9858 - acc_top5: 1.0000 - 129ms/step
step 1730/3125 - loss: 0.0031 - acc_top1: 0.9858 - acc_top5: 1.0000 - 129ms/step
step 1740/3125 - loss: 0.0272 - acc_top1: 0.9858 - acc_top5: 1.0000 - 129ms/step
step 1750/3125 - loss: 0.0046 - acc_top1: 0.9858 - acc_top5: 1.0000 - 129ms/step
step 1760/3125 - loss: 0.0092 - acc_top1: 0.9858 - acc_top5: 1.0000 - 129ms/step
step 1770/3125 - loss: 0.1626 - acc_top1: 0.9857 - acc_top5: 1.0000 - 129ms/step
step 1780/3125 - loss: 0.0044 - acc_top1: 0.9857 - acc_top5: 1.0000 - 129ms/step
step 1790/3125 - loss: 0.0039 - acc_top1: 0.9858 - acc_top5: 1.0000 - 129ms/step
step 1800/3125 - loss: 0.1145 - acc_top1: 0.9858 - acc_top5: 1.0000 - 129ms/step
step 1810/3125 - loss: 0.0073 - acc_top1: 0.9857 - acc_top5: 1.0000 - 129ms/step
step 1820/3125 - loss: 0.0192 - acc_top1: 0.9857 - acc_top5: 1.0000 - 129ms/step
step 1830/3125 - loss: 0.0681 - acc_top1: 0.9858 - acc_top5: 1.0000 - 129ms/step
step 1840/3125 - loss: 0.0027 - acc_top1: 0.9858 - acc_top5: 1.0000 - 129ms/step
step 1850/3125 - loss: 0.0508 - acc_top1: 0.9858 - acc_top5: 1.0000 - 129ms/step
step 1860/3125 - loss: 0.0372 - acc_top1: 0.9859 - acc_top5: 1.0000 - 129ms/step
step 1870/3125 - loss: 0.0823 - acc_top1: 0.9859 - acc_top5: 1.0000 - 129ms/step
step 1880/3125 - loss: 0.0056 - acc_top1: 0.9859 - acc_top5: 1.0000 - 129ms/step
step 1890/3125 - loss: 0.0084 - acc_top1: 0.9858 - acc_top5: 1.0000 - 129ms/step
step 1900/3125 - loss: 0.0603 - acc_top1: 0.9859 - acc_top5: 1.0000 - 129ms/step
step 1910/3125 - loss: 0.0513 - acc_top1: 0.9859 - acc_top5: 1.0000 - 129ms/step
step 1920/3125 - loss: 0.0175 - acc_top1: 0.9860 - acc_top5: 1.0000 - 129ms/step
step 1930/3125 - loss: 0.1170 - acc_top1: 0.9859 - acc_top5: 1.0000 - 129ms/step
step 1940/3125 - loss: 0.1817 - acc_top1: 0.9860 - acc_top5: 1.0000 - 129ms/step
step 1950/3125 - loss: 0.0053 - acc_top1: 0.9859 - acc_top5: 1.0000 - 129ms/step
step 1960/3125 - loss: 0.0855 - acc_top1: 0.9859 - acc_top5: 1.0000 - 129ms/step
step 1970/3125 - loss: 0.0219 - acc_top1: 0.9859 - acc_top5: 1.0000 - 129ms/step
step 1980/3125 - loss: 0.0086 - acc_top1: 0.9859 - acc_top5: 1.0000 - 129ms/step
step 1990/3125 - loss: 0.0108 - acc_top1: 0.9858 - acc_top5: 1.0000 - 129ms/step
step 2000/3125 - loss: 0.0025 - acc_top1: 0.9858 - acc_top5: 1.0000 - 129ms/step
step 2010/3125 - loss: 0.1055 - acc_top1: 0.9857 - acc_top5: 1.0000 - 129ms/step
step 2020/3125 - loss: 0.0049 - acc_top1: 0.9858 - acc_top5: 1.0000 - 129ms/step
step 2030/3125 - loss: 0.0034 - acc_top1: 0.9857 - acc_top5: 1.0000 - 129ms/step
step 2040/3125 - loss: 0.0523 - acc_top1: 0.9857 - acc_top5: 1.0000 - 129ms/step
step 2050/3125 - loss: 0.0325 - acc_top1: 0.9858 - acc_top5: 1.0000 - 129ms/step
step 2060/3125 - loss: 0.0211 - acc_top1: 0.9858 - acc_top5: 1.0000 - 129ms/step
step 2070/3125 - loss: 0.0083 - acc_top1: 0.9858 - acc_top5: 1.0000 - 129ms/step
step 2080/3125 - loss: 0.0217 - acc_top1: 0.9858 - acc_top5: 1.0000 - 129ms/step
step 2090/3125 - loss: 0.0029 - acc_top1: 0.9858 - acc_top5: 1.0000 - 129ms/step
step 2100/3125 - loss: 0.0300 - acc_top1: 0.9858 - acc_top5: 1.0000 - 129ms/step
step 2110/3125 - loss: 0.0088 - acc_top1: 0.9859 - acc_top5: 1.0000 - 129ms/step
step 2120/3125 - loss: 0.0132 - acc_top1: 0.9858 - acc_top5: 1.0000 - 129ms/step
step 2130/3125 - loss: 0.0045 - acc_top1: 0.9859 - acc_top5: 1.0000 - 129ms/step
step 2140/3125 - loss: 0.0044 - acc_top1: 0.9860 - acc_top5: 1.0000 - 129ms/step
step 2150/3125 - loss: 0.0035 - acc_top1: 0.9860 - acc_top5: 1.0000 - 129ms/step
step 2160/3125 - loss: 0.0038 - acc_top1: 0.9860 - acc_top5: 1.0000 - 129ms/step
step 2170/3125 - loss: 0.3644 - acc_top1: 0.9860 - acc_top5: 0.9999 - 129ms/step
step 2180/3125 - loss: 0.0033 - acc_top1: 0.9860 - acc_top5: 0.9999 - 129ms/step
step 2190/3125 - loss: 0.0180 - acc_top1: 0.9860 - acc_top5: 0.9999 - 129ms/step
step 2200/3125 - loss: 0.0077 - acc_top1: 0.9860 - acc_top5: 0.9999 - 129ms/step
step 2210/3125 - loss: 0.2080 - acc_top1: 0.9859 - acc_top5: 0.9999 - 129ms/step
step 2220/3125 - loss: 0.1431 - acc_top1: 0.9859 - acc_top5: 0.9999 - 129ms/step
step 2230/3125 - loss: 0.0089 - acc_top1: 0.9858 - acc_top5: 0.9999 - 129ms/step
step 2240/3125 - loss: 0.0072 - acc_top1: 0.9858 - acc_top5: 0.9999 - 129ms/step
step 2250/3125 - loss: 0.0054 - acc_top1: 0.9858 - acc_top5: 0.9999 - 129ms/step
step 2260/3125 - loss: 0.0123 - acc_top1: 0.9858 - acc_top5: 0.9999 - 129ms/step
step 2270/3125 - loss: 0.0064 - acc_top1: 0.9858 - acc_top5: 0.9999 - 129ms/step
step 2280/3125 - loss: 0.0036 - acc_top1: 0.9858 - acc_top5: 0.9999 - 129ms/step
step 2290/3125 - loss: 0.1261 - acc_top1: 0.9858 - acc_top5: 0.9999 - 129ms/step
step 2300/3125 - loss: 0.0289 - acc_top1: 0.9858 - acc_top5: 0.9999 - 129ms/step
step 2310/3125 - loss: 0.0242 - acc_top1: 0.9858 - acc_top5: 0.9999 - 129ms/step
step 2320/3125 - loss: 0.0159 - acc_top1: 0.9859 - acc_top5: 0.9999 - 129ms/step
step 2330/3125 - loss: 0.0118 - acc_top1: 0.9858 - acc_top5: 0.9999 - 129ms/step
step 2340/3125 - loss: 0.0542 - acc_top1: 0.9858 - acc_top5: 0.9999 - 129ms/step
step 2350/3125 - loss: 0.0317 - acc_top1: 0.9859 - acc_top5: 0.9999 - 129ms/step
step 2360/3125 - loss: 0.0037 - acc_top1: 0.9859 - acc_top5: 0.9999 - 129ms/step
step 2370/3125 - loss: 0.4246 - acc_top1: 0.9859 - acc_top5: 0.9999 - 129ms/step
step 2380/3125 - loss: 0.0332 - acc_top1: 0.9860 - acc_top5: 0.9999 - 129ms/step
step 2390/3125 - loss: 0.0027 - acc_top1: 0.9860 - acc_top5: 0.9999 - 129ms/step
step 2400/3125 - loss: 0.2414 - acc_top1: 0.9860 - acc_top5: 0.9999 - 129ms/step
step 2410/3125 - loss: 0.0050 - acc_top1: 0.9860 - acc_top5: 0.9999 - 129ms/step
step 2420/3125 - loss: 0.0223 - acc_top1: 0.9861 - acc_top5: 0.9999 - 129ms/step
step 2430/3125 - loss: 0.0449 - acc_top1: 0.9861 - acc_top5: 0.9999 - 129ms/step
step 2440/3125 - loss: 0.2346 - acc_top1: 0.9861 - acc_top5: 0.9999 - 129ms/step
step 2450/3125 - loss: 0.0069 - acc_top1: 0.9861 - acc_top5: 0.9999 - 129ms/step
step 2460/3125 - loss: 0.0053 - acc_top1: 0.9861 - acc_top5: 0.9999 - 129ms/step
step 2470/3125 - loss: 0.0028 - acc_top1: 0.9860 - acc_top5: 0.9999 - 129ms/step
step 2480/3125 - loss: 0.0354 - acc_top1: 0.9861 - acc_top5: 0.9999 - 129ms/step
step 2490/3125 - loss: 0.0891 - acc_top1: 0.9861 - acc_top5: 0.9999 - 129ms/step
step 2500/3125 - loss: 0.0142 - acc_top1: 0.9861 - acc_top5: 0.9999 - 129ms/step
step 2510/3125 - loss: 0.0025 - acc_top1: 0.9861 - acc_top5: 0.9999 - 129ms/step
step 2520/3125 - loss: 0.0115 - acc_top1: 0.9861 - acc_top5: 0.9999 - 129ms/step
step 2530/3125 - loss: 0.0059 - acc_top1: 0.9860 - acc_top5: 0.9999 - 129ms/step
step 2540/3125 - loss: 0.0151 - acc_top1: 0.9861 - acc_top5: 0.9999 - 129ms/step
step 2550/3125 - loss: 0.0183 - acc_top1: 0.9861 - acc_top5: 0.9999 - 129ms/step
step 2560/3125 - loss: 0.0419 - acc_top1: 0.9861 - acc_top5: 0.9999 - 129ms/step
step 2570/3125 - loss: 0.0027 - acc_top1: 0.9861 - acc_top5: 0.9999 - 129ms/step
step 2580/3125 - loss: 0.0788 - acc_top1: 0.9860 - acc_top5: 0.9999 - 129ms/step
step 2590/3125 - loss: 0.0202 - acc_top1: 0.9861 - acc_top5: 0.9999 - 129ms/step
step 2600/3125 - loss: 0.0022 - acc_top1: 0.9861 - acc_top5: 0.9999 - 129ms/step
step 2610/3125 - loss: 0.0290 - acc_top1: 0.9861 - acc_top5: 0.9999 - 129ms/step
step 2620/3125 - loss: 0.0633 - acc_top1: 0.9861 - acc_top5: 0.9999 - 129ms/step
step 2630/3125 - loss: 0.0019 - acc_top1: 0.9861 - acc_top5: 0.9999 - 129ms/step
step 2640/3125 - loss: 0.0368 - acc_top1: 0.9861 - acc_top5: 0.9999 - 129ms/step
step 2650/3125 - loss: 0.0035 - acc_top1: 0.9862 - acc_top5: 0.9999 - 129ms/step
step 2660/3125 - loss: 0.0105 - acc_top1: 0.9862 - acc_top5: 0.9999 - 129ms/step
step 2670/3125 - loss: 0.0561 - acc_top1: 0.9862 - acc_top5: 0.9999 - 129ms/step
step 2680/3125 - loss: 0.1124 - acc_top1: 0.9862 - acc_top5: 0.9999 - 129ms/step
step 2690/3125 - loss: 0.0252 - acc_top1: 0.9862 - acc_top5: 0.9999 - 129ms/step
step 2700/3125 - loss: 0.0044 - acc_top1: 0.9862 - acc_top5: 0.9999 - 129ms/step
step 2710/3125 - loss: 0.0077 - acc_top1: 0.9862 - acc_top5: 0.9999 - 129ms/step
step 2720/3125 - loss: 0.0086 - acc_top1: 0.9861 - acc_top5: 0.9999 - 129ms/step
step 2730/3125 - loss: 0.0240 - acc_top1: 0.9862 - acc_top5: 0.9999 - 129ms/step
step 2740/3125 - loss: 0.0043 - acc_top1: 0.9862 - acc_top5: 0.9999 - 129ms/step
step 2750/3125 - loss: 0.0071 - acc_top1: 0.9862 - acc_top5: 0.9999 - 129ms/step
step 2760/3125 - loss: 0.0056 - acc_top1: 0.9863 - acc_top5: 0.9999 - 129ms/step
step 2770/3125 - loss: 0.0045 - acc_top1: 0.9863 - acc_top5: 0.9999 - 129ms/step
step 2780/3125 - loss: 0.0162 - acc_top1: 0.9863 - acc_top5: 0.9999 - 129ms/step
step 2790/3125 - loss: 0.0056 - acc_top1: 0.9863 - acc_top5: 0.9999 - 129ms/step
step 2800/3125 - loss: 0.1407 - acc_top1: 0.9863 - acc_top5: 0.9999 - 129ms/step
step 2810/3125 - loss: 0.0027 - acc_top1: 0.9863 - acc_top5: 0.9999 - 129ms/step
step 2820/3125 - loss: 0.1508 - acc_top1: 0.9862 - acc_top5: 0.9999 - 129ms/step
step 2830/3125 - loss: 0.0045 - acc_top1: 0.9862 - acc_top5: 0.9999 - 129ms/step
step 2840/3125 - loss: 0.0072 - acc_top1: 0.9862 - acc_top5: 0.9999 - 129ms/step
step 2850/3125 - loss: 0.0541 - acc_top1: 0.9862 - acc_top5: 0.9999 - 129ms/step
step 2860/3125 - loss: 0.0025 - acc_top1: 0.9862 - acc_top5: 0.9999 - 129ms/step
step 2870/3125 - loss: 0.0189 - acc_top1: 0.9862 - acc_top5: 0.9999 - 129ms/step
step 2880/3125 - loss: 0.0179 - acc_top1: 0.9862 - acc_top5: 0.9999 - 129ms/step
step 2890/3125 - loss: 0.0028 - acc_top1: 0.9862 - acc_top5: 0.9999 - 129ms/step
step 2900/3125 - loss: 0.1412 - acc_top1: 0.9863 - acc_top5: 0.9999 - 129ms/step
step 2910/3125 - loss: 0.0650 - acc_top1: 0.9863 - acc_top5: 0.9999 - 129ms/step
step 2920/3125 - loss: 0.0045 - acc_top1: 0.9863 - acc_top5: 0.9999 - 129ms/step
step 2930/3125 - loss: 0.0022 - acc_top1: 0.9863 - acc_top5: 0.9999 - 129ms/step
step 2940/3125 - loss: 0.0238 - acc_top1: 0.9863 - acc_top5: 0.9999 - 129ms/step
step 2950/3125 - loss: 0.0044 - acc_top1: 0.9864 - acc_top5: 0.9999 - 129ms/step
step 2960/3125 - loss: 0.0023 - acc_top1: 0.9864 - acc_top5: 0.9999 - 129ms/step
step 2970/3125 - loss: 0.0256 - acc_top1: 0.9864 - acc_top5: 0.9999 - 129ms/step
step 2980/3125 - loss: 0.0039 - acc_top1: 0.9864 - acc_top5: 0.9999 - 129ms/step
step 2990/3125 - loss: 0.2312 - acc_top1: 0.9864 - acc_top5: 0.9999 - 129ms/step
step 3000/3125 - loss: 0.0078 - acc_top1: 0.9864 - acc_top5: 0.9999 - 129ms/step
step 3010/3125 - loss: 0.0086 - acc_top1: 0.9865 - acc_top5: 0.9999 - 129ms/step
step 3020/3125 - loss: 0.0034 - acc_top1: 0.9865 - acc_top5: 0.9999 - 129ms/step
step 3030/3125 - loss: 0.0571 - acc_top1: 0.9865 - acc_top5: 0.9999 - 129ms/step
step 3040/3125 - loss: 0.0024 - acc_top1: 0.9865 - acc_top5: 0.9999 - 129ms/step
step 3050/3125 - loss: 0.0686 - acc_top1: 0.9865 - acc_top5: 0.9999 - 129ms/step
step 3060/3125 - loss: 0.0263 - acc_top1: 0.9865 - acc_top5: 0.9999 - 129ms/step
step 3070/3125 - loss: 0.0035 - acc_top1: 0.9865 - acc_top5: 0.9999 - 129ms/step
step 3080/3125 - loss: 0.2912 - acc_top1: 0.9865 - acc_top5: 0.9999 - 129ms/step
step 3090/3125 - loss: 0.0134 - acc_top1: 0.9866 - acc_top5: 0.9999 - 129ms/step
step 3100/3125 - loss: 0.1082 - acc_top1: 0.9866 - acc_top5: 0.9999 - 129ms/step
step 3110/3125 - loss: 0.0167 - acc_top1: 0.9866 - acc_top5: 0.9999 - 129ms/step
step 3120/3125 - loss: 0.2028 - acc_top1: 0.9866 - acc_top5: 0.9999 - 129ms/step
step 3125/3125 - loss: 0.0284 - acc_top1: 0.9866 - acc_top5: 0.9999 - 129ms/step
save checkpoint at /home/aistudio/checkpoints/in1k/1
Eval begin...
step  10/625 - loss: 0.1978 - acc_top1: 0.9563 - acc_top5: 1.0000 - 51ms/step
step  20/625 - loss: 0.1243 - acc_top1: 0.9688 - acc_top5: 1.0000 - 48ms/step
step  30/625 - loss: 0.2451 - acc_top1: 0.9708 - acc_top5: 1.0000 - 47ms/step
step  40/625 - loss: 0.0983 - acc_top1: 0.9719 - acc_top5: 1.0000 - 46ms/step
step  50/625 - loss: 0.0410 - acc_top1: 0.9738 - acc_top5: 1.0000 - 46ms/step
step  60/625 - loss: 0.0049 - acc_top1: 0.9750 - acc_top5: 1.0000 - 46ms/step
step  70/625 - loss: 0.0687 - acc_top1: 0.9759 - acc_top5: 1.0000 - 45ms/step
step  80/625 - loss: 0.0244 - acc_top1: 0.9742 - acc_top5: 1.0000 - 45ms/step
step  90/625 - loss: 0.0449 - acc_top1: 0.9764 - acc_top5: 1.0000 - 45ms/step
step 100/625 - loss: 0.0074 - acc_top1: 0.9769 - acc_top5: 1.0000 - 45ms/step
step 110/625 - loss: 0.0093 - acc_top1: 0.9784 - acc_top5: 1.0000 - 45ms/step
step 120/625 - loss: 0.3059 - acc_top1: 0.9766 - acc_top5: 1.0000 - 45ms/step
step 130/625 - loss: 0.4164 - acc_top1: 0.9750 - acc_top5: 1.0000 - 45ms/step
step 140/625 - loss: 0.0923 - acc_top1: 0.9754 - acc_top5: 1.0000 - 45ms/step
step 150/625 - loss: 0.0049 - acc_top1: 0.9762 - acc_top5: 1.0000 - 45ms/step
step 160/625 - loss: 0.0667 - acc_top1: 0.9734 - acc_top5: 0.9996 - 45ms/step
step 170/625 - loss: 0.0065 - acc_top1: 0.9746 - acc_top5: 0.9996 - 45ms/step
step 180/625 - loss: 0.0036 - acc_top1: 0.9743 - acc_top5: 0.9997 - 45ms/step
step 190/625 - loss: 0.0046 - acc_top1: 0.9750 - acc_top5: 0.9997 - 45ms/step
step 200/625 - loss: 0.0079 - acc_top1: 0.9744 - acc_top5: 0.9997 - 45ms/step
step 210/625 - loss: 0.3334 - acc_top1: 0.9732 - acc_top5: 0.9997 - 45ms/step
step 220/625 - loss: 0.0072 - acc_top1: 0.9730 - acc_top5: 0.9994 - 45ms/step
step 230/625 - loss: 0.0032 - acc_top1: 0.9731 - acc_top5: 0.9995 - 44ms/step
step 240/625 - loss: 0.1772 - acc_top1: 0.9724 - acc_top5: 0.9995 - 44ms/step
step 250/625 - loss: 0.0016 - acc_top1: 0.9730 - acc_top5: 0.9995 - 44ms/step
step 260/625 - loss: 0.3912 - acc_top1: 0.9724 - acc_top5: 0.9995 - 44ms/step
step 270/625 - loss: 0.0642 - acc_top1: 0.9727 - acc_top5: 0.9995 - 44ms/step
step 280/625 - loss: 0.3920 - acc_top1: 0.9734 - acc_top5: 0.9996 - 44ms/step
step 290/625 - loss: 0.0071 - acc_top1: 0.9728 - acc_top5: 0.9996 - 44ms/step
step 300/625 - loss: 0.5009 - acc_top1: 0.9721 - acc_top5: 0.9996 - 44ms/step
step 310/625 - loss: 0.0070 - acc_top1: 0.9720 - acc_top5: 0.9996 - 44ms/step
step 320/625 - loss: 0.0049 - acc_top1: 0.9717 - acc_top5: 0.9996 - 44ms/step
step 330/625 - loss: 0.0437 - acc_top1: 0.9718 - acc_top5: 0.9996 - 44ms/step
step 340/625 - loss: 0.3314 - acc_top1: 0.9722 - acc_top5: 0.9996 - 44ms/step
step 350/625 - loss: 0.1315 - acc_top1: 0.9721 - acc_top5: 0.9996 - 44ms/step
step 360/625 - loss: 0.1371 - acc_top1: 0.9722 - acc_top5: 0.9997 - 44ms/step
step 370/625 - loss: 0.0326 - acc_top1: 0.9725 - acc_top5: 0.9997 - 44ms/step
step 380/625 - loss: 0.0345 - acc_top1: 0.9730 - acc_top5: 0.9997 - 44ms/step
step 390/625 - loss: 0.0065 - acc_top1: 0.9728 - acc_top5: 0.9997 - 44ms/step
step 400/625 - loss: 0.0084 - acc_top1: 0.9731 - acc_top5: 0.9997 - 44ms/step
step 410/625 - loss: 0.0025 - acc_top1: 0.9735 - acc_top5: 0.9997 - 44ms/step
step 420/625 - loss: 0.0272 - acc_top1: 0.9738 - acc_top5: 0.9997 - 44ms/step
step 430/625 - loss: 0.1005 - acc_top1: 0.9735 - acc_top5: 0.9997 - 44ms/step
step 440/625 - loss: 0.0021 - acc_top1: 0.9737 - acc_top5: 0.9997 - 44ms/step
step 450/625 - loss: 0.0020 - acc_top1: 0.9740 - acc_top5: 0.9997 - 44ms/step
step 460/625 - loss: 0.0024 - acc_top1: 0.9742 - acc_top5: 0.9997 - 44ms/step
step 470/625 - loss: 0.0986 - acc_top1: 0.9742 - acc_top5: 0.9997 - 44ms/step
step 480/625 - loss: 0.0218 - acc_top1: 0.9738 - acc_top5: 0.9997 - 44ms/step
step 490/625 - loss: 0.4833 - acc_top1: 0.9735 - acc_top5: 0.9996 - 44ms/step
step 500/625 - loss: 0.0075 - acc_top1: 0.9738 - acc_top5: 0.9996 - 44ms/step
step 510/625 - loss: 0.0441 - acc_top1: 0.9738 - acc_top5: 0.9996 - 44ms/step
step 520/625 - loss: 0.0609 - acc_top1: 0.9740 - acc_top5: 0.9996 - 44ms/step
step 530/625 - loss: 0.1437 - acc_top1: 0.9738 - acc_top5: 0.9996 - 44ms/step
step 540/625 - loss: 0.0068 - acc_top1: 0.9737 - acc_top5: 0.9997 - 44ms/step
step 550/625 - loss: 0.0569 - acc_top1: 0.9739 - acc_top5: 0.9997 - 44ms/step
step 560/625 - loss: 0.0346 - acc_top1: 0.9742 - acc_top5: 0.9997 - 44ms/step
step 570/625 - loss: 0.0271 - acc_top1: 0.9745 - acc_top5: 0.9997 - 44ms/step
step 580/625 - loss: 0.0461 - acc_top1: 0.9744 - acc_top5: 0.9997 - 44ms/step
step 590/625 - loss: 0.0045 - acc_top1: 0.9744 - acc_top5: 0.9997 - 44ms/step
step 600/625 - loss: 0.3085 - acc_top1: 0.9744 - acc_top5: 0.9997 - 44ms/step
step 610/625 - loss: 0.0030 - acc_top1: 0.9746 - acc_top5: 0.9997 - 44ms/step
step 620/625 - loss: 0.2112 - acc_top1: 0.9745 - acc_top5: 0.9997 - 44ms/step
step 625/625 - loss: 0.0237 - acc_top1: 0.9745 - acc_top5: 0.9997 - 44ms/step
Eval samples: 10000
save checkpoint at /home/aistudio/checkpoints/in1k/final


: 2831
Eval begin...
step 625/625 [==============================] - loss: 0.0237 - acc_top1: 0.9745 - acc_top5: 0.9997 - 45ms/step         
Eval samples: 10000
{'loss': [0.023678483], 'acc_top1': 0.9745, 'acc_top5': 0.9997}
